android_foo/control_app/build/outputs/logs/manifest-merger-debug-report.txt
-- Merging decision tree log ---
manifest
ADDED from src/main/AndroidManifest.xml:2:1-52:12
	package
		ADDED from src/main/AndroidManifest.xml:4:5-37
	android:versionName
		INJECTED from src/main/AndroidManifest.xml
		INJECTED from src/main/AndroidManifest.xml
	xmlns:tools
		ADDED from src/main/AndroidManifest.xml:3:5-51
	xmlns:android
		ADDED from src/main/AndroidManifest.xml:2:11-69
	android:versionCode
		INJECTED from src/main/AndroidManifest.xml
		INJECTED from src/main/AndroidManifest.xml
uses-permission#android.permission.ACCESS_WIFI_STATE
ADDED from src/main/AndroidManifest.xml:6:5-76
MERGED from [org.ros.android_core:android_10:0.2.1] AndroidManifest.xml:13:5-76
MERGED from [org.ros.android_core:android_10:0.2.1] AndroidManifest.xml:13:5-76
MERGED from [org.osmdroid:osmdroid-android:5.2] AndroidManifest.xml:9:2-72
	android:name
		ADDED from src/main/AndroidManifest.xml:6:22-73
uses-permission#android.permission.ACCESS_NETWORK_STATE
ADDED from src/main/AndroidManifest.xml:7:5-79
MERGED from [org.osmdroid:osmdroid-android:5.2] AndroidManifest.xml:10:2-75
	android:name
		ADDED from src/main/AndroidManifest.xml:7:22-76
uses-permission#android.permission.CAMERA
ADDED from src/main/AndroidManifest.xml:8:5-65
	android:name
		ADDED from src/main/AndroidManifest.xml:8:22-62
uses-permission#android.permission.CHANGE_WIFI_STATE
ADDED from src/main/AndroidManifest.xml:9:5-76
MERGED from [org.ros.android_core:android_10:0.2.1] AndroidManifest.xml:14:5-76
MERGED from [org.ros.android_core:android_10:0.2.1] AndroidManifest.xml:14:5-76
	android:name
		ADDED from src/main/AndroidManifest.xml:9:22-73
uses-permission#android.permission.INTERNET
ADDED from src/main/AndroidManifest.xml:10:5-67
MERGED from [org.osmdroid:osmdroid-android:5.2] AndroidManifest.xml:11:2-63
	android:name
		ADDED from src/main/AndroidManifest.xml:10:22-64
uses-permission#android.permission.WAKE_LOCK
ADDED from src/main/AndroidManifest.xml:11:5-68
MERGED from [org.ros.android_core:android_10:0.2.1] AndroidManifest.xml:15:5-68
MERGED from [org.ros.android_core:android_10:0.2.1] AndroidManifest.xml:15:5-68
	android:name
		ADDED from src/main/AndroidManifest.xml:11:22-65
uses-permission#android.permission.WRITE_EXTERNAL_STORAGE
ADDED from src/main/AndroidManifest.xml:12:5-81
MERGED from [org.ros.android_core:android_10:0.2.1] AndroidManifest.xml:12:5-81
MERGED from [org.ros.android_core:android_10:0.2.1] AndroidManifest.xml:12:5-81
MERGED from [org.osmdroid:osmdroid-android:5.2] AndroidManifest.xml:12:2-77
	android:name
		ADDED from src/main/AndroidManifest.xml:12:22-78
uses-permission#android.permission.READ_INTERNAL_STORAGE
ADDED from src/main/AndroidManifest.xml:13:5-80
	android:name
		ADDED from src/main/AndroidManifest.xml:13:22-77
uses-permission#android.permission.WRITE_INTERNAL_STORAGE
ADDED from src/main/AndroidManifest.xml:14:5-81
	android:name
		ADDED from src/main/AndroidManifest.xml:14:22-78
uses-permission#android.permission.ACCESS_COARSE_LOCATION
ADDED from src/main/AndroidManifest.xml:15:5-81
MERGED from [org.osmdroid:osmdroid-android:5.2] AndroidManifest.xml:8:2-77
	android:name
		ADDED from src/main/AndroidManifest.xml:15:22-78
uses-permission#android.permission.ACCESS_FINE_LOCATION
ADDED from src/main/AndroidManifest.xml:16:5-79
MERGED from [org.osmdroid:osmdroid-android:5.2] AndroidManifest.xml:7:2-75
	android:name
		ADDED from src/main/AndroidManifest.xml:16:22-76
uses-permission#android.permission.KILL_BACKGROUND_PROCESSES
ADDED from src/main/AndroidManifest.xml:17:5-84
	android:name
		ADDED from src/main/AndroidManifest.xml:17:22-81
uses-permission#android.permission.MODIFY_AUDIO_SETTINGS
ADDED from src/main/AndroidManifest.xml:19:5-80
	android:name
		ADDED from src/main/AndroidManifest.xml:19:22-77
application
ADDED from src/main/AndroidManifest.xml:21:5-50:19
MERGED from [org.ros.android_core:android_10:0.2.1] AndroidManifest.xml:18:5-33:19
MERGED from [com.android.support:support-v4:23.2.0] AndroidManifest.xml:22:5-20
MERGED from [org.ros.android_core:android_10:0.2.1] AndroidManifest.xml:18:5-33:19
MERGED from [com.android.support:support-v13:23.2.0] AndroidManifest.xml:22:5-20
MERGED from [com.android.support:support-v4:23.2.0] AndroidManifest.xml:22:5-20
MERGED from [com.android.support:appcompat-v7:23.2.0] AndroidManifest.xml:25:5-20
MERGED from [com.android.support:support-v4:23.2.0] AndroidManifest.xml:22:5-20
MERGED from [com.android.support:animated-vector-drawable:23.2.0] AndroidManifest.xml:7:5-20
MERGED from [com.android.support:support-vector-drawable:23.2.0] AndroidManifest.xml:7:5-20
MERGED from [com.android.support:support-v4:23.2.0] AndroidManifest.xml:22:5-20
MERGED from [com.android.support:support-vector-drawable:23.2.0] AndroidManifest.xml:7:5-20
MERGED from [com.android.support:support-v4:23.2.0] AndroidManifest.xml:22:5-20
MERGED from [com.android.support:cardview-v7:23.2.0] AndroidManifest.xml:22:5-20
MERGED from [com.android.support:support-v4:23.2.0] AndroidManifest.xml:22:5-20
MERGED from [:osmbonuspack_v5.8.1:] AndroidManifest.xml:11:5-20
MERGED from [com.android.support:support-v4:23.2.0] AndroidManifest.xml:22:5-20
MERGED from [com.android.support:support-v4:23.2.0] AndroidManifest.xml:22:5-20
	android:label
		ADDED from src/main/AndroidManifest.xml:22:9-41
	android:icon
		ADDED from src/main/AndroidManifest.xml:24:9-38
		REJECTED from [org.ros.android_core:android_10:0.2.1] AndroidManifest.xml:19:9-36
		REJECTED from [org.ros.android_core:android_10:0.2.1] AndroidManifest.xml:19:9-36
	tools:replace
		ADDED from src/main/AndroidManifest.xml:23:9-37
activity#com.robotca.ControlApp.RobotChooser
ADDED from src/main/AndroidManifest.xml:25:9-34:20
	android:label
		ADDED from src/main/AndroidManifest.xml:27:13-45
	android:configChanges
		ADDED from src/main/AndroidManifest.xml:29:13-59
	android:theme
		ADDED from src/main/AndroidManifest.xml:28:13-44
	android:name
		ADDED from src/main/AndroidManifest.xml:26:13-41
intent-filter#android.intent.action.MAIN
ADDED from src/main/AndroidManifest.xml:31:13-33:29
action#android.intent.action.MAIN
ADDED from src/main/AndroidManifest.xml:32:17-69
	android:name
		ADDED from src/main/AndroidManifest.xml:32:25-66
activity#com.robotca.ControlApp.ControlApp
ADDED from src/main/AndroidManifest.xml:35:9-39:61
	android:label
		ADDED from src/main/AndroidManifest.xml:37:13-45
	android:configChanges
		ADDED from src/main/AndroidManifest.xml:39:13-59
	android:theme
		ADDED from src/main/AndroidManifest.xml:38:13-60
	android:name
		ADDED from src/main/AndroidManifest.xml:36:13-39
activity#com.robotca.ControlApp.SplashActivity
ADDED from src/main/AndroidManifest.xml:40:9-49:20
	android:label
		ADDED from src/main/AndroidManifest.xml:42:13-45
	android:configChanges
		ADDED from src/main/AndroidManifest.xml:44:13-59
	android:theme
		ADDED from src/main/AndroidManifest.xml:43:13-47
	android:name
		ADDED from src/main/AndroidManifest.xml:41:13-43
intent-filter#android.intent.action.MAIN+android.intent.category.LAUNCHER
ADDED from src/main/AndroidManifest.xml:45:13-48:29
category#android.intent.category.LAUNCHER
ADDED from src/main/AndroidManifest.xml:47:17-77
	android:name
		ADDED from src/main/AndroidManifest.xml:47:27-74
uses-sdk
INJECTED from src/main/AndroidManifest.xml reason: use-sdk injection requested
MERGED from [com.android.support:multidex:1.0.1] AndroidManifest.xml:18:5-42
MERGED from [org.ros.android_core:android_10:0.2.1] AndroidManifest.xml:8:5-10:41
MERGED from [org.ros.android_core:android_15:0.2.1] AndroidManifest.xml:8:5-10:41
MERGED from [com.android.support:support-v4:23.2.0] AndroidManifest.xml:20:5-43
MERGED from [org.ros.android_core:android_10:0.2.1] AndroidManifest.xml:8:5-10:41
MERGED from [com.github.rosjava.android_extras:gingerbread:0.2.0] AndroidManifest.xml:8:5-10:41
MERGED from [com.android.support:support-v13:23.2.0] AndroidManifest.xml:20:5-44
MERGED from [com.android.support:support-v4:23.2.0] AndroidManifest.xml:20:5-43
MERGED from [com.android.support:appcompat-v7:23.2.0] AndroidManifest.xml:21:5-23:78
MERGED from [com.android.support:support-v4:23.2.0] AndroidManifest.xml:20:5-43
MERGED from [com.android.support:animated-vector-drawable:23.2.0] AndroidManifest.xml:5:5-44
MERGED from [com.android.support:support-vector-drawable:23.2.0] AndroidManifest.xml:5:5-43
MERGED from [com.android.support:support-v4:23.2.0] AndroidManifest.xml:20:5-43
MERGED from [com.android.support:support-vector-drawable:23.2.0] AndroidManifest.xml:5:5-43
MERGED from [com.android.support:support-v4:23.2.0] AndroidManifest.xml:20:5-43
MERGED from [com.android.support:cardview-v7:23.2.0] AndroidManifest.xml:20:5-43
MERGED from [com.android.support:recyclerview-v7:23.2.0] AndroidManifest.xml:20:5-43
MERGED from [com.android.support:support-v4:23.2.0] AndroidManifest.xml:20:5-43
MERGED from [org.osmdroid:osmdroid-android:5.2] AndroidManifest.xml:4:2-69
MERGED from [:osmbonuspack_v5.8.1:] AndroidManifest.xml:7:5-9:41
MERGED from [com.android.support:support-v4:23.2.0] AndroidManifest.xml:20:5-43
MERGED from [com.github.amlcurran.showcaseview:library:5.4.1] AndroidManifest.xml:22:5-24:41
MERGED from [com.android.support:support-v4:23.2.0] AndroidManifest.xml:20:5-43
MERGED from [com.github.sccapstone.robotca:control_app_lib:unspecified] AndroidManifest.xml:8:5-10:41
	tools:overrideLibrary
		ADDED from [com.android.support:appcompat-v7:23.2.0] AndroidManifest.xml:23:9-75
	android:targetSdkVersion
		INJECTED from src/main/AndroidManifest.xml
		INJECTED from src/main/AndroidManifest.xml
	android:minSdkVersion
		INJECTED from src/main/AndroidManifest.xml
		INJECTED from src/main/AndroidManifest.xml
uses-permission#android.permission.SYSTEM_ALERT_WINDOW
ADDED from [org.ros.android_core:android_10:0.2.1] AndroidManifest.xml:16:5-78
MERGED from [org.ros.android_core:android_10:0.2.1] AndroidManifest.xml:16:5-78
	android:name
		ADDED from [org.ros.android_core:android_10:0.2.1] AndroidManifest.xml:16:22-75
activity#org.ros.android.MasterChooser
ADDED from [org.ros.android_core:android_10:0.2.1] AndroidManifest.xml:21:9-24:45
MERGED from [org.ros.android_core:android_10:0.2.1] AndroidManifest.xml:21:9-24:45
	android:label
		ADDED from [org.ros.android_core:android_10:0.2.1] AndroidManifest.xml:23:13-45
	android:launchMode
		ADDED from [org.ros.android_core:android_10:0.2.1] AndroidManifest.xml:24:13-42
	android:name
		ADDED from [org.ros.android_core:android_10:0.2.1] AndroidManifest.xml:22:13-57
service#org.ros.android.NodeMainExecutorService
ADDED from [org.ros.android_core:android_10:0.2.1] AndroidManifest.xml:26:9-32:19
MERGED from [org.ros.android_core:android_10:0.2.1] AndroidManifest.xml:26:9-32:19
	tools:ignore
		ADDED from [org.ros.android_core:android_10:0.2.1] AndroidManifest.xml:28:13-43
	android:name
		ADDED from [org.ros.android_core:android_10:0.2.1] AndroidManifest.xml:27:13-67
intent-filter#org.ros.android.NodeMainExecutorService
ADDED from [org.ros.android_core:android_10:0.2.1] AndroidManifest.xml:29:13-31:29
action#org.ros.android.NodeMainExecutorService
ADDED from [org.ros.android_core:android_10:0.2.1] AndroidManifest.xml:30:17-82
	android:name
		ADDED from [org.ros.android_core:android_10:0.2.1] AndroidManifest.xml:30:25-79
android:uses-permission#android.permission.READ_EXTERNAL_STORAGE
IMPLIED from src/main/AndroidManifest.xml:2:1-52:12 reason: org.ros.android.android_10 requested WRITE_EXTERNAL_STORAGE
MERGED from [org.osmdroid:osmdroid-android:5.2] AndroidManifest.xml:13:2-76
supports-screens
ADDED from [org.osmdroid:osmdroid-android:5.2] AndroidManifest.xml:5:2-104
	android:largeScreens
		ADDED from [org.osmdroid:osmdroid-android:5.2] AndroidManifest.xml:5:46-73
	android:normalScreens
		ADDED from [org.osmdroid:osmdroid-android:5.2] AndroidManifest.xml:5:74-102
	android:anyDensity
		ADDED from [org.osmdroid:osmdroid-android:5.2] AndroidManifest.xml:5:20-45
uses-feature#android.hardware.location.network
ADDED from [org.osmdroid:osmdroid-android:5.2] AndroidManifest.xml:15:2-91
	android:required
		ADDED from [org.osmdroid:osmdroid-android:5.2] AndroidManifest.xml:15:65-89
	android:name
		ADDED from [org.osmdroid:osmdroid-android:5.2] AndroidManifest.xml:15:16-64
uses-feature#android.hardware.location.gps
ADDED from [org.osmdroid:osmdroid-android:5.2] AndroidManifest.xml:16:2-87
	android:required
		ADDED from [org.osmdroid:osmdroid-android:5.2] AndroidManifest.xml:16:61-85
	android:name
		ADDED from [org.osmdroid:osmdroid-android:5.2] AndroidManifest.xml:16:16-60
uses-feature#android.hardware.telephony
ADDED from [org.osmdroid:osmdroid-android:5.2] AndroidManifest.xml:17:2-84
	android:required
		ADDED from [org.osmdroid:osmdroid-android:5.2] AndroidManifest.xml:17:58-82
	android:name
		ADDED from [org.osmdroid:osmdroid-android:5.2] AndroidManifest.xml:17:16-57
uses-feature#android.hardware.wifi
ADDED from [org.osmdroid:osmdroid-android:5.2] AndroidManifest.xml:18:2-79
	android:required
		ADDED from [org.osmdroid:osmdroid-android:5.2] AndroidManifest.xml:18:53-77
	android:name
		ADDED from [org.osmdroid:osmdroid-android:5.2] AndroidManifest.xml:18:16-52